 ____    _    ____      _    __  __
/ ___|  / \  |  _ \    / \   \ \/ /
\___ \ / _ \ | |_) |  / _ \   \  / 
 ___) / ___ \|  _ <  / ___ \  /  \ 
|____/_/   \_\_| \_\/_/   \_\/_/\_\
                                   
./run.sh: 15: cd: can't cd to scripts
chmod: cannot access 'container/check_and_source.sh': No such file or directory
What system are you running?
1. Linux
2. WSL2
Enter your choice (1-2):  ____    _    ____      _    __  __
/ ___|  / \  |  _ \    / \   \ \/ /
\___ \ / _ \ | |_) |  / _ \   \  / 
 ___) / ___ \|  _ <  / ___ \  /  \ 
|____/_/   \_\_| \_\/_/   \_\/_/\_\
                                   
OS: Linux
What would you like to configure?
1. Sarax
2. Docker
3. Exit
Enter your choice (1-3):  ____    _    ____      _    __  __   ____ ___  _   _ _____ ___ ____ 
/ ___|  / \  |  _ \    / \   \ \/ /  / ___/ _ \| \ | |  ___|_ _/ ___|
\___ \ / _ \ | |_) |  / _ \   \  /  | |  | | | |  \| | |_   | | |  _ 
 ___) / ___ \|  _ <  / ___ \  /  \  | |__| |_| | |\  |  _|  | | |_| |
|____/_/   \_\_| \_\/_/   \_\/_/\_\  \____\___/|_| \_|_|   |___\____|
                                                                     

Select an option:
1. Install Sarax
2. Run Sarax
3. Exit

Option (1 - 3): 
Make sure to run QGroundControl before running Sarax.
Do you want to continue? (y or n): 
Options:
1. Simulator
2. Sarax Framework
3. Exit

What would you like to run? (1 - 3): 
Running Gazebo simulator
Successfully run PX4 simulator

Options:
1. Simulator
2. Sarax Framework
3. Exit

What would you like to run? (1 - 3): 